In file included from get_next_line/get_next_line.c:13:
get_next_line/get_next_line.h:16: error: "BUFFER_SIZE" redefined [-Werror]
   16 | # define BUFFER_SIZE
      | 
<command-line>: note: this is the location of the previous definition
get_next_line/get_next_line.c: In function ‘get_next_line’:
get_next_line/get_next_line.c:39:14: error: storage size of ‘recip’ isn’t known
   39 |  static char recip[BUFFER_SIZE];
      |              ^~~~~
get_next_line/get_next_line.c:45:28: error: expected expression before ‘<=’ token
   45 |  if (fd < 0 || BUFFER_SIZE <= 0)
      |                            ^~
get_next_line/get_next_line.c:51:40: error: expected expression before ‘)’ token
   51 |    readed = read(fd, recip, BUFFER_SIZE);
      |                                        ^
get_next_line/get_next_line.c:39:14: error: unused variable ‘recip’ [-Werror=unused-variable]
   39 |  static char recip[BUFFER_SIZE];
      |              ^~~~~
get_next_line/get_next_line.c: In function ‘main’:
get_next_line/get_next_line.c:71:45: error: expected expression before ‘)’ token
   71 |  fd = open("text.txt", O_RDONLY, BUFFER_SIZE);
      |                                             ^
get_next_line/get_next_line.c:72:42: error: expected expression before ‘)’ token
   72 |  line = malloc(sizeof(char) * BUFFER_SIZE);
      |                                          ^
cc1: all warnings being treated as errors

(null)\n
\n
-------
\n
-------
