get_next_line/get_next_line.c: In function ‘ft_strdup’:
get_next_line/get_next_line.c:20:9: error: implicit declaration of function ‘malloc’ [-Werror=implicit-function-declaration]
   20 |  dest = malloc(sizeof(char) * (i + 1));
      |         ^~~~~~
get_next_line/get_next_line.c:20:9: error: incompatible implicit declaration of built-in function ‘malloc’ [-Werror]
get_next_line/get_next_line.c:1:1: note: include ‘<stdlib.h>’ or provide a declaration of ‘malloc’
  +++ |+#include <stdlib.h>
    1 | /* ************************************************************************** */
get_next_line/get_next_line.c:22:11: error: ‘NULL’ undeclared (first use in this function)
   22 |   return (NULL);
      |           ^~~~
get_next_line/get_next_line.c:1:1: note: ‘NULL’ is defined in header ‘<stddef.h>’; did you forget to ‘#include <stddef.h>’?
  +++ |+#include <stddef.h>
    1 | /* ************************************************************************** */
get_next_line/get_next_line.c:22:11: note: each undeclared identifier is reported only once for each function it appears in
   22 |   return (NULL);
      |           ^~~~
get_next_line/get_next_line.c: In function ‘gnl’:
get_next_line/get_next_line.c:42:11: error: ‘NULL’ undeclared (first use in this function)
   42 |   return (NULL);
      |           ^~~~
get_next_line/get_next_line.c:42:11: note: ‘NULL’ is defined in header ‘<stddef.h>’; did you forget to ‘#include <stddef.h>’?
get_next_line/get_next_line.c:47:13: error: implicit declaration of function ‘read’ [-Werror=implicit-function-declaration]
   47 |    readed = read(fd, buffer, BUFFER_SIZE);
      |             ^~~~
cc1: all warnings being treated as errors

(null)\n
\n
-------
\n
-------
