get_next_line/get_next_line.c: In function ‘ft_strdup’:
get_next_line/get_next_line.c:21:9: error: implicit declaration of function ‘malloc’ [-Werror=implicit-function-declaration]
   21 |  dest = malloc(sizeof(char) * (i + 1));
      |         ^~~~~~
get_next_line/get_next_line.c:21:9: error: incompatible implicit declaration of built-in function ‘malloc’ [-Werror]
get_next_line/get_next_line.c:1:1: note: include ‘<stdlib.h>’ or provide a declaration of ‘malloc’
  +++ |+#include <stdlib.h>
    1 | /* ************************************************************************** */
get_next_line/get_next_line.c:23:11: error: ‘NULL’ undeclared (first use in this function)
   23 |   return (NULL);
      |           ^~~~
get_next_line/get_next_line.c:1:1: note: ‘NULL’ is defined in header ‘<stddef.h>’; did you forget to ‘#include <stddef.h>’?
  +++ |+#include <stddef.h>
    1 | /* ************************************************************************** */
get_next_line/get_next_line.c:23:11: note: each undeclared identifier is reported only once for each function it appears in
   23 |   return (NULL);
      |           ^~~~
get_next_line/get_next_line.c: In function ‘get_next_line’:
get_next_line/get_next_line.c:44:11: error: ‘NULL’ undeclared (first use in this function)
   44 |   return (NULL);
      |           ^~~~
get_next_line/get_next_line.c:44:11: note: ‘NULL’ is defined in header ‘<stddef.h>’; did you forget to ‘#include <stddef.h>’?
get_next_line/get_next_line.c:49:13: error: implicit declaration of function ‘read’ [-Werror=implicit-function-declaration]
   49 |    readed = read(fd, recip, BUFFER_SIZE);
      |             ^~~~
cc1: all warnings being treated as errors

(null)\n
\n
-------
\n
-------
